\BOOKMARK [0][-]{chapter.1}{PENDAHULUAN}{}% 1
\BOOKMARK [1][-]{section.1.1}{Latar Belakang}{chapter.1}% 2
\BOOKMARK [1][-]{section.1.2}{Rumusan Masalah}{chapter.1}% 3
\BOOKMARK [1][-]{section.1.3}{Tujuan Penelitian}{chapter.1}% 4
\BOOKMARK [1][-]{section.1.4}{Manfaat Penelitian}{chapter.1}% 5
\BOOKMARK [1][-]{section.1.5}{Sistematika Penulisan}{chapter.1}% 6
\BOOKMARK [0][-]{chapter.2}{LANDASAN TEORI}{}% 7
\BOOKMARK [1][-]{section.2.1}{E-commerce}{chapter.2}% 8
\BOOKMARK [1][-]{section.2.2}{Konsep Database}{chapter.2}% 9
\BOOKMARK [1][-]{section.2.3}{Definisi Database}{chapter.2}% 10
\BOOKMARK [1][-]{section.2.4}{Tujuan database}{chapter.2}% 11
\BOOKMARK [1][-]{section.2.5}{Tahap pengembangan}{chapter.2}% 12
\BOOKMARK [0][-]{chapter.3}{ANALISIS}{}% 13
\BOOKMARK [1][-]{section.3.1}{System Definition}{chapter.3}% 14
\BOOKMARK [1][-]{section.3.2}{Identifikasi Permasalahan}{chapter.3}% 15
\BOOKMARK [1][-]{section.3.3}{Identifikasi Kebutuhan Pengguna}{chapter.3}% 16
\BOOKMARK [0][-]{chapter.4}{DESIGN}{}% 17
\BOOKMARK [1][-]{section.4.1}{Conceptual Design}{chapter.4}% 18
\BOOKMARK [2][-]{subsection.4.1.1}{Entity Types}{section.4.1}% 19
\BOOKMARK [2][-]{subsection.4.1.2}{Relationship Types}{section.4.1}% 20
\BOOKMARK [2][-]{subsection.4.1.3}{Attributes}{section.4.1}% 21
\BOOKMARK [2][-]{subsection.4.1.4}{Attribute Domains}{section.4.1}% 22
\BOOKMARK [2][-]{subsection.4.1.5}{Candidate Keys, Primary Key, and Alternate Keys}{section.4.1}% 23
\BOOKMARK [2][-]{subsection.4.1.6}{List of User Transaction}{section.4.1}% 24
\BOOKMARK [2][-]{subsection.4.1.7}{Entity Relationship Diagram}{section.4.1}% 25
\BOOKMARK [1][-]{section.4.2}{Logical Model \(Class Diagram\)}{chapter.4}% 26
\BOOKMARK [1][-]{section.4.3}{Physical Model}{chapter.4}% 27
\BOOKMARK [2][-]{subsection.4.3.1}{List of Index}{section.4.3}% 28
\BOOKMARK [2][-]{subsection.4.3.2}{Analyze Transaction}{section.4.3}% 29
\BOOKMARK [2][-]{subsection.4.3.3}{User View, Procedure, and Function}{section.4.3}% 30
\BOOKMARK [0][-]{chapter*.8}{DAFTAR PUSTAKA}{}% 31
\BOOKMARK [0][-]{chapter*.9}{LAMPIRAN}{}% 32
\BOOKMARK [0][-]{chapter*.10}{LEMBAR PENILAIAN}{}% 33
